2017-11-04 15:16:59, sensor : home/woonkamer/bank_sensor_pir, value false2017-11-04 15:17:16, sensor : home/woonkamer/bank_sensor_microwave, value true2017-11-04 15:17:23, sensor : home/woonkamer/bank_sensor_microwave, value false2017-11-04 15:17:27, sensor : home/woonkamer/bank_sensor_microwave, value true2017-11-04 15:17:30, sensor : home/woonkamer/bank_sensor_microwave, value false2017-11-04 15:18:03, sensor : home/woonkamer/bank_sensor_microwave, value true2017-11-04 15:18:20 sensor : home/woonkamer/bank_sensor_microwave value false 
2017-11-04 15:18:25 sensor : home/woonkamer/bank_sensor_microwave value true 
2017-11-04 15:18:40 sensor : home/woonkamer/bank_sensor_microwave value false 
2017-11-04 15:18:48 sensor : home/woonkamer/bank_sensor_microwave value true 
2017-11-04 15:18:48 sensor : home/woonkamer/bank_sensor_pir value true 
2017-11-04 15:18:53 sensor : home/woonkamer/bank_sensor_microwave value false 
2017-11-04 15:18:56 sensor : home/woonkamer/bank_sensor_microwave value true 
2017-11-04 15:19:01 sensor : home/woonkamer/bank_sensor_pir value false 
2017-11-04 15:19:06 sensor : home/woonkamer/bank_sensor_microwave value false 
2017-11-04 15:19:16 sensor : home/woonkamer/bank_sensor_microwave value true 
2017-11-04 15:19:21 sensor : home/woonkamer/bank_sensor_microwave value false 
2017-11-04 15:20:12 sensor : home/woonkamer/bank_sensor_microwave value true 
2017-11-04 15:20:21 sensor : home/woonkamer/bank_sensor_microwave value false 
2017-11-04 15:20:40 sensor : home/woonkamer/bank_sensor_microwave value true 
2017-11-04 15:20:40 sensor : home/woonkamer/bank_sensor_pir value true 
2017-11-04 15:20:48 sensor : home/woonkamer/bank_sensor_pir value false 
2017-11-04 15:20:53 sensor : home/woonkamer/bank_sensor_microwave value false 
2017-11-04 15:21:16 sensor : home/woonkamer/bank_sensor_microwave value true 
2017-11-04 15:21:29 sensor : home/woonkamer/bank_sensor_microwave value false 
2017-11-04 15:22:11 sensor : home/woonkamer/bank_sensor_microwave value true 
2017-11-04 15:22:30 sensor : home/woonkamer/bank_sensor_microwave value false 
2017-11-04 15:22:38 sensor : home/woonkamer/bank_sensor_microwave value true 
2017-11-04 15:22:53 sensor : home/woonkamer/bank_sensor_microwave value false 
2017-11-04 15:23:16 sensor : home/woonkamer/bank_sensor_microwave value true 
2017-11-04 15:23:19 sensor : home/woonkamer/bank_sensor_microwave value false 
2017-11-04 15:24:06 sensor : home/woonkamer/bank_sensor_microwave value true 
2017-11-04 15:24:25 sensor : home/woonkamer/bank_sensor_microwave value false 
2017-11-04 15:24:32 sensor : home/woonkamer/bank_sensor_microwave value true 
2017-11-04 15:24:43 sensor : home/woonkamer/bank_sensor_microwave value false 
2017-11-04 15:24:50 sensor : home/woonkamer/bank_sensor_microwave value true 
2017-11-04 15:24:57 sensor : home/woonkamer/bank_sensor_microwave value false 
2017-11-04 15:25:15 sensor : home/woonkamer/bank_sensor_microwave value true 
2017-11-04 15:25:19 sensor : home/woonkamer/bank_sensor_microwave value false 
2017-11-04 15:26:16 sensor : home/woonkamer/bank_sensor_microwave value true 
2017-11-04 15:26:29 sensor : home/woonkamer/bank_sensor_microwave value false 
2017-11-04 15:26:40 sensor : home/woonkamer/bank_sensor_microwave value true 
2017-11-04 15:26:45 sensor : home/woonkamer/bank_sensor_pir value true 
2017-11-04 15:26:48 sensor : home/woonkamer/bank_sensor_pir value false 
2017-11-04 15:28:13 sensor : home/woonkamer/bank_sensor_microwave value true 
2017-11-04 15:28:19 sensor : home/woonkamer/bank_sensor_microwave value false 
2017-11-04 15:28:22 sensor : home/woonkamer/bank_sensor_microwave value true 
2017-11-04 15:28:30 sensor : home/woonkamer/bank_sensor_pir value true 
2017-11-04 15:28:34 sensor : home/woonkamer/bank_sensor_pir value false 
2017-11-04 15:28:53 sensor : home/woonkamer/bank_sensor_microwave value false 
2017-11-04 15:29:04 sensor : home/woonkamer/bank_sensor_microwave value true 
2017-11-04 15:29:24 sensor : home/woonkamer/bank_sensor_pir value true 
2017-11-04 15:29:34 sensor : home/woonkamer/bank_sensor_microwave value false 
2017-11-04 15:29:37 sensor : home/woonkamer/bank_sensor_pir value false 
2017-11-04 15:29:40 sensor : home/woonkamer/bank_sensor_microwave value true 
2017-11-04 15:30:05 sensor : home/woonkamer/bank_sensor_microwave value false 
2017-11-04 15:30:12 sensor : home/woonkamer/bank_sensor_microwave value true 
2017-11-04 15:30:19 sensor : home/woonkamer/bank_sensor_microwave value false 
2017-11-04 15:30:38 sensor : home/woonkamer/bank_sensor_microwave value true 
2017-11-04 15:31:01 sensor : home/woonkamer/bank_sensor_pir value true 
2017-11-04 15:31:05 sensor : home/woonkamer/bank_sensor_pir value false 
2017-11-04 15:31:22 sensor : home/woonkamer/bank_sensor_microwave value false 
2017-11-04 15:31:33 sensor : home/woonkamer/bank_sensor_microwave value true 
2017-11-04 15:31:47 sensor : home/woonkamer/bank_sensor_microwave value false 
2017-11-04 15:31:58 sensor : home/woonkamer/bank_sensor_microwave value true 
2017-11-04 15:32:07 sensor : home/woonkamer/bank_sensor_microwave value false 
2017-11-04 15:32:17 sensor : home/woonkamer/bank_sensor_microwave value true 
2017-11-04 15:32:20 sensor : home/woonkamer/bank_sensor_microwave value false 
2017-11-04 15:32:29 sensor : home/woonkamer/bank_sensor_microwave value true 
2017-11-04 15:32:32 sensor : home/woonkamer/bank_sensor_microwave value false 
2017-11-04 15:33:03 sensor : home/woonkamer/bank_sensor_microwave value true 
2017-11-04 15:33:11 sensor : home/woonkamer/bank_sensor_microwave value false 
2017-11-04 15:33:16 sensor : home/woonkamer/bank_sensor_microwave value true 
2017-11-04 15:33:19 sensor : home/woonkamer/bank_sensor_microwave value false 
2017-11-04 15:33:34 sensor : home/woonkamer/bank_sensor_microwave value true 
2017-11-04 15:33:44 sensor : home/woonkamer/bank_sensor_microwave value false 
2017-11-04 15:34:50 sensor : home/woonkamer/bank_sensor_microwave value true 
2017-11-04 15:35:05 sensor : home/woonkamer/bank_sensor_microwave value false 
2017-11-04 15:35:43 sensor : home/woonkamer/bank_sensor_microwave value true 
2017-11-04 15:35:48 sensor : home/woonkamer/bank_sensor_microwave value false 
